Build started 3.9.2011 17:08:41.
     1>Project "C:\programovani\WoW Editor\Test\src\Editor\World Of Warcraft - Editor.vcxproj" on node 2 (build target(s)).
     1>InitializeBuildStatus:
         Creating "Build\Release\World Of Warcraft Studio - Editor.unsuccessfulbuild" because "AlwaysCreate" was specified.
       ClCompile:
         All outputs are up-to-date.
         C:\Program Files (x86)\Microsoft Visual Studio 10.0\VC\bin\CL.exe /c /I"C:\Users\Lukáš\Desktop\programovani\WoW Editor\Test\WorldOfWarcraft-Editor\zlib" /Zi /nologo /W3 /WX- /O2 /Oy- /D WIN32 /D NDEBUG /D _WINDOWS /D _MBCS /U_CRT_SECURE_NO_DEPRECATE /U_CRT_SECURE_NO_WARNINGS /Gm- /EHsc /MD /GS- /fp:precise /Zc:wchar_t /Zc:forScope /Fo"Build\Release\\" /Fd"Build\Release\vc100.pdb" /Gd /TP /analyze- /errorReport:prompt OpenGL.cpp
         OpenGL.cpp
         All outputs are up-to-date.
       ResourceCompile:
         All outputs are up-to-date.
       Link:
         C:\Program Files (x86)\Microsoft Visual Studio 10.0\VC\bin\link.exe /ERRORREPORT:PROMPT /OUT:"..\..\Bin\Release\World Of Warcraft Studio - Editor.exe" /INCREMENTAL:NO /NOLOGO OpenGL32.lib glu32.lib SDL.lib SDLmain.lib freetype.lib kernel32.lib user32.lib gdi32.lib winspool.lib comdlg32.lib advapi32.lib shell32.lib ole32.lib oleaut32.lib uuid.lib odbc32.lib odbccp32.lib /MANIFEST /ManifestFile:"Build\Release\World Of Warcraft Studio - Editor.exe.intermediate.manifest" /MANIFESTUAC:"level='asInvoker' uiAccess='false'" /PDB:"Build\Release\World Of Warcraft Studio - Editor.pdb" /SUBSYSTEM:WINDOWS /OPT:REF /OPT:ICF /TLBID:1 /DYNAMICBASE:NO /IMPLIB:"..\..\Bin\Release\World Of Warcraft Studio - Editor.lib" /MACHINE:X86 Build\Release\app.res
         Build\Release\AreaDB.obj
         Build\Release\Brush.obj
         Build\Release\Chameleon.obj
         Build\Release\Config.obj
         Build\Release\DBC.obj
         Build\Release\DBCFile.obj
         Build\Release\Directory.obj
         Build\Release\Font.obj
         Build\Release\FreeType.obj
         Build\Release\Frustrum.obj
         Build\Release\GroundEffects.obj
         Build\Release\common.obj
         Build\Release\explode.obj
         Build\Release\extract.obj
         Build\Release\huffman.obj
         Build\Release\mpq.obj
         Build\Release\wave.obj
         Build\Release\Liquid.obj
         Build\Release\MapTile.obj
         Build\Release\Menu.obj
         Build\Release\Model.obj
         Build\Release\MPQ_libMPQ.obj
         Build\Release\OpenGL.obj
         Build\Release\Particle.obj
         Build\Release\Selection.obj
         Build\Release\Shaders.obj
         Build\Release\Sky.obj
         Build\Release\stdafx.obj
         Build\Release\Test.obj
         Build\Release\TexturingUI.obj
         Build\Release\UI.obj
         Build\Release\Util.obj
         Build\Release\Video.obj
         Build\Release\WMO.obj
         Build\Release\World.obj
         Build\Release\adler32.obj
         Build\Release\compress.obj
         Build\Release\crc32.obj
         Build\Release\deflate.obj
         Build\Release\gzio.obj
         Build\Release\inffast.obj
         Build\Release\inflate.obj
         Build\Release\inftrees.obj
         Build\Release\trees.obj
         Build\Release\uncompr.obj
         Build\Release\zutil.obj /NODEFAULTLIB:libcmtd.lib 
         World Of Warcraft - Editor.vcxproj -> C:\programovani\WoW Editor\Test\src\Editor\..\..\Bin\Release\World Of Warcraft Studio - Editor.exe
       Manifest:
         C:\Program Files (x86)\Microsoft SDKs\Windows\v7.0A\bin\mt.exe /nologo /verbose /outputresource:"..\..\Bin\Release\World Of Warcraft Studio - Editor.exe;#1" /manifest "Build\Release\World Of Warcraft Studio - Editor.exe.intermediate.manifest"
       PostBuildEvent:
         Description: Copy Config file
         COPY Editor.conf ..\..\Bin\Release\Editor.conf
         :VCEnd
         Zkopírované soubory:         1
       FinalizeBuildStatus:
         Deleting file "Build\Release\World Of Warcraft Studio - Editor.unsuccessfulbuild".
         Touching "Build\Release\World Of Warcraft Studio - Editor.lastbuildstate".
     1>Done Building Project "C:\programovani\WoW Editor\Test\src\Editor\World Of Warcraft - Editor.vcxproj" (build target(s)).

Build succeeded.

Time Elapsed 00:00:02.27
